2020-11-19 09:16:05 Debug:current demo path = D:/Github/MagicTool/src

2020-11-19 09:16:05 Debug:load zh_cn.qm file success!

2020-11-19 09:16:05 Warning:QLayout: Attempting to add QLayout "" to MainWindow "MainWindow", which already has a layout
2020-11-19 09:16:08 Debug:start read file = ./data/passwordmanager/data.txt
2020-11-19 09:16:08 Debug:current record size = 23
2020-11-19 09:16:10 Info:AddActionClicked [ 288 ] "AddActionClicked"
2020-11-19 09:16:10 Debug:PasswordMessageWindow:209
2020-11-19 09:16:11 Debug:"&增加" 键被按下
2020-11-19 09:16:16 Info:BackupActionClicked [ 253 ] "BackupActionClicked"
2020-11-19 09:16:16 Debug:"202011190916"
2020-11-19 09:16:16 Debug:./data/passwordmanager/data.txt  --->   ./data/passwordmanager/data_202011190916.txt
2020-11-19 09:16:17 Debug:"&backup" 键被按下
2020-11-19 09:16:22 Debug:There are 23 password records.
2020-11-26 12:47:49 Debug:current demo path = D:/Github/MagicTool/src

2020-11-26 12:47:49 Debug:current demo path = D:/Github/MagicTool/src

2020-11-26 12:47:49 Debug:load zh_cn.qm file success!

2020-11-26 12:47:50 Debug:load zh_cn.qm file success!

2020-11-26 12:47:52 Warning:QLayout: Attempting to add QLayout "" to MainWindow "MainWindow", which already has a layout
2020-11-26 12:47:52 Warning:QLayout: Attempting to add QLayout "" to MainWindow "MainWindow", which already has a layout
2020-11-26 12:51:24 Debug:start read file = ./data/passwordmanager/data.txt
2020-11-26 12:51:24 Debug:current record size = 23
2020-11-26 12:51:28 Debug:There are 23 password records.
2021-01-11 16:14:19 Info:qMain [ 29 ] "current demo path = D:/Github/MagicTool/src"
2021-01-11 16:14:19 Debug:load zh_cn.qm file success!

2021-01-11 16:14:23 Warning:QLayout: Attempting to add QLayout "" to MainWindow "MainWindow", which already has a layout
2021-01-11 16:16:02 Info:qMain [ 57 ] "===== end ====="
2021-01-11 16:17:10 Info:qMain [ 29 ] "current demo path = D:/Github/MagicTool/src"
2021-01-11 16:17:10 Debug:load zh_cn.qm file success!

2021-01-11 16:17:11 Warning:QLayout: Attempting to add QLayout "" to MainWindow "MainWindow", which already has a layout
2021-01-11 16:17:40 Info:qMain [ 57 ] "===== end ====="
2021-01-11 16:17:57 Info:qMain [ 29 ] "current demo path = D:/Github/MagicTool/src"
2021-01-11 16:17:57 Debug:load zh_cn.qm file success!

2021-01-11 16:17:58 Warning:QLayout: Attempting to add QLayout "" to MainWindow "MainWindow", which already has a layout
2021-01-11 16:18:15 Info:qMain [ 57 ] "===== end ====="
2021-01-11 16:20:03 Info:qMain [ 29 ] "current demo path = D:/Github/MagicTool/src"
2021-01-11 16:20:03 Debug:load zh_cn.qm file success!

2021-01-11 16:20:03 Warning:QLayout: Attempting to add QLayout "" to MainWindow "MainWindow", which already has a layout
2021-01-11 16:20:22 Info:qMain [ 57 ] "===== end ====="
2021-01-11 16:21:32 Info:qMain [ 29 ] "current demo path = D:/Github/MagicTool/src"
2021-01-11 16:21:32 Debug:load zh_cn.qm file success!

2021-01-11 16:21:32 Warning:QLayout: Attempting to add QLayout "" to MainWindow "MainWindow", which already has a layout
2021-01-11 16:21:39 Info:qMain [ 57 ] "===== end ====="
2021-01-11 16:23:01 Info:qMain [ 29 ] "current demo path = D:/Github/MagicTool/src"
2021-01-11 16:23:01 Debug:load zh_cn.qm file success!

2021-01-11 16:23:01 Warning:QLayout: Attempting to add QLayout "" to MainWindow "MainWindow", which already has a layout
2021-01-11 16:23:31 Info:qMain [ 57 ] "===== end ====="
2021-01-11 16:24:10 Info:qMain [ 29 ] "current demo path = D:/Github/MagicTool/src"
2021-01-11 16:24:10 Debug:load zh_cn.qm file success!

2021-01-11 16:24:11 Warning:QLayout: Attempting to add QLayout "" to MainWindow "MainWindow", which already has a layout
2021-01-14 13:08:29 Info:qMain [ 29 ] "current demo path = D:/Github/MagicTool/src"
2021-01-14 13:08:29 Debug:load zh_cn.qm file success!

2021-01-14 13:08:32 Warning:QLayout: Attempting to add QLayout "" to MainWindow "MainWindow", which already has a layout
2021-01-14 13:11:20 Debug:start read file = ./data/perfectnote/catalog.txt
2021-01-14 13:11:28 Debug:start read file = ./data/accountbook/data.txt
2021-01-14 13:11:28 Debug:current record size = 35
2021-01-14 13:12:40 Info:qMain [ 57 ] "===== end ====="
2021-03-23 13:21:48 Info:qMain [ 29 ] "current demo path = D:/Github/MagicTool/src"
2021-03-23 13:21:48 Debug:load zh_cn.qm file success!

2021-03-23 13:21:53 Warning:QLayout: Attempting to add QLayout "" to MainWindow "MainWindow", which already has a layout
2021-03-23 13:24:25 Debug:English
2021-03-23 13:24:25 Info:qMain [ 29 ] "current demo path = D:/Github/MagicTool/src"
2021-03-23 13:24:25 Debug:change english layout!

2021-03-23 13:24:25 Warning:QLayout: Attempting to add QLayout "" to MainWindow "MainWindow", which already has a layout
2021-03-23 13:24:28 Debug:Chinese
2021-03-23 13:24:28 Info:qMain [ 29 ] "current demo path = D:/Github/MagicTool/src"
2021-03-23 13:24:28 Debug:load zh_cn.qm file success!

2021-03-23 13:24:29 Warning:QLayout: Attempting to add QLayout "" to MainWindow "MainWindow", which already has a layout
2021-03-23 13:24:37 Debug:start read file = ./data/accountbook/data.txt
2021-03-23 13:24:37 Debug:current record size = 47
2021-03-23 13:25:14 Debug:start read file = ./data/perfectnote/catalog.txt
2021-03-23 13:25:20 Debug:start read file = ./data/passwordmanager/data.txt
2021-03-23 13:25:20 Debug:current record size = 23
2021-03-23 13:25:33 Debug:There are 23 password records.
2021-03-23 13:30:09 Debug:start read file = ./data/passwordmanager/data.txt
2021-03-23 13:30:09 Debug:current record size = 23
2021-03-23 13:30:27 Info:AddActionClicked [ 288 ] "AddActionClicked"
2021-03-23 13:30:27 Debug:PasswordMessageWindow:209
2021-03-23 13:31:08 Debug:ChgActionClicked:316
2021-03-23 13:31:08 Debug:ChgActionClicked:326
2021-03-23 13:31:08 Debug:PasswordMessageWindow:209
2021-03-23 13:31:17 Info:AddActionClicked [ 288 ] "AddActionClicked"
2021-03-23 13:31:17 Debug:PasswordMessageWindow:209
2021-03-23 13:31:36 Info:BackupActionClicked [ 253 ] "BackupActionClicked"
2021-03-23 13:31:36 Debug:"202103231331"
2021-03-23 13:31:36 Debug:./data/passwordmanager/data.txt  --->   ./data/passwordmanager/data_202103231331.txt
2021-03-23 13:31:43 Debug:"&backup" 键被按下
2021-03-23 13:31:49 Debug:There are 25 password records.
2021-03-23 13:34:05 Debug:start read file = ./data/passwordmanager/data.txt
2021-03-23 13:34:05 Debug:current record size = 25
2021-03-23 13:34:15 Debug:There are 25 password records.
2021-03-23 13:35:31 Debug:start read file = ./data/passwordmanager/data.txt
2021-03-23 13:35:31 Debug:current record size = 25
2021-03-23 13:36:17 Debug:There are 25 password records.
2021-03-23 13:36:20 Debug:start read file = ./data/accountbook/data.txt
2021-03-23 13:36:20 Debug:current record size = 47
2021-03-23 13:36:29 Debug:"&增加" 键被按下
2021-03-23 13:36:40 Info:qMain [ 57 ] "===== end ====="
